[debug] [2023-05-29T20:40:21.603Z] ----------------------------------------------------------------------
[debug] [2023-05-29T20:40:21.605Z] Command:       C:\Program Files\nodejs\node.exe C:\Users\Alex\AppData\Roaming\npm\node_modules\firebase-tools\lib\bin\firebase.js init hosting
[debug] [2023-05-29T20:40:21.605Z] CLI Version:   12.2.1
[debug] [2023-05-29T20:40:21.606Z] Platform:      win32
[debug] [2023-05-29T20:40:21.606Z] Node Version:  v18.16.0
[debug] [2023-05-29T20:40:21.607Z] Time:          Mon May 29 2023 16:40:21 GMT-0400 (Chile Standard Time)
[debug] [2023-05-29T20:40:21.607Z] ----------------------------------------------------------------------
[debug] 
[debug] [2023-05-29T20:40:21.688Z] > command requires scopes: ["email","openid","https://www.googleapis.com/auth/cloudplatformprojects.readonly","https://www.googleapis.com/auth/firebase","https://www.googleapis.com/auth/cloud-platform"]
[debug] [2023-05-29T20:40:21.688Z] > authorizing via signed-in user (alexfilsecker@gmail.com)
[info] 
     ######## #### ########  ######## ########     ###     ######  ########
     ##        ##  ##     ## ##       ##     ##  ##   ##  ##       ##
     ######    ##  ########  ######   ########  #########  ######  ######
     ##        ##  ##    ##  ##       ##     ## ##     ##       ## ##
     ##       #### ##     ## ######## ########  ##     ##  ######  ########

You're about to initialize a Firebase project in this directory:

  C:\dev\ReactProyects\2048

Before we get started, keep in mind:

  * You are currently outside your home directory
  * You are initializing within an existing Firebase project directory

[info] 
=== Project Setup
[info] 
[info] First, let's associate this project directory with a Firebase project.
[info] You can create multiple project aliases by running firebase use --add, 
[info] but for now we'll just set up a default project.
[info] 
[debug] [2023-05-29T20:40:24.971Z] Using project from CLI flag: project-7529789579989258788
[debug] [2023-05-29T20:40:24.975Z] >>> [apiv2][query] GET https://firebase.googleapis.com/v1beta1/projects/project-7529789579989258788 [none]
[debug] [2023-05-29T20:40:25.372Z] <<< [apiv2][status] GET https://firebase.googleapis.com/v1beta1/projects/project-7529789579989258788 200
[debug] [2023-05-29T20:40:25.372Z] <<< [apiv2][body] GET https://firebase.googleapis.com/v1beta1/projects/project-7529789579989258788 {"projectId":"project-7529789579989258788","projectNumber":"222522972320","displayName":"2048","name":"projects/project-7529789579989258788","resources":{"hostingSite":"project-7529789579989258788"},"state":"ACTIVE","etag":"1_f012f22e-efa3-4367-a86b-e402416b42f0"}
[info] i  Using project project-7529789579989258788 (2048) 
[info] 
=== Hosting Setup
[info] 
[info] Your public directory is the folder (relative to your project directory) that
[info] will contain Hosting assets to be uploaded with firebase deploy. If you
[info] have a build process for your assets, use your build's output directory.
[info] 
[debug] [2023-05-29T20:44:38.188Z] ----------------------------------------------------------------------
[debug] [2023-05-29T20:44:38.190Z] Command:       C:\Program Files\nodejs\node.exe C:\Users\Alex\AppData\Roaming\npm\node_modules\firebase-tools\lib\bin\firebase.js init
[debug] [2023-05-29T20:44:38.190Z] CLI Version:   12.2.1
[debug] [2023-05-29T20:44:38.191Z] Platform:      win32
[debug] [2023-05-29T20:44:38.191Z] Node Version:  v18.16.0
[debug] [2023-05-29T20:44:38.192Z] Time:          Mon May 29 2023 16:44:38 GMT-0400 (Chile Standard Time)
[debug] [2023-05-29T20:44:38.192Z] ----------------------------------------------------------------------
[debug] 
[debug] [2023-05-29T20:44:38.283Z] > command requires scopes: ["email","openid","https://www.googleapis.com/auth/cloudplatformprojects.readonly","https://www.googleapis.com/auth/firebase","https://www.googleapis.com/auth/cloud-platform"]
[debug] [2023-05-29T20:44:38.283Z] > authorizing via signed-in user (alexfilsecker@gmail.com)
[info] 
     ######## #### ########  ######## ########     ###     ######  ########
     ##        ##  ##     ## ##       ##     ##  ##   ##  ##       ##
     ######    ##  ########  ######   ########  #########  ######  ######
     ##        ##  ##    ##  ##       ##     ## ##     ##       ## ##
     ##       #### ##     ## ######## ########  ##     ##  ######  ########

You're about to initialize a Firebase project in this directory:

  C:\dev\ReactProyects\2048

Before we get started, keep in mind:

  * You are currently outside your home directory
  * You are initializing within an existing Firebase project directory

[info] 
=== Project Setup
[info] 
[info] First, let's associate this project directory with a Firebase project.
[info] You can create multiple project aliases by running firebase use --add, 
[info] but for now we'll just set up a default project.
[info] 
[debug] [2023-05-29T20:48:35.706Z] Using project from CLI flag: project-7529789579989258788
[debug] [2023-05-29T20:48:35.708Z] >>> [apiv2][query] GET https://firebase.googleapis.com/v1beta1/projects/project-7529789579989258788 [none]
[debug] [2023-05-29T20:48:36.115Z] <<< [apiv2][status] GET https://firebase.googleapis.com/v1beta1/projects/project-7529789579989258788 200
[debug] [2023-05-29T20:48:36.115Z] <<< [apiv2][body] GET https://firebase.googleapis.com/v1beta1/projects/project-7529789579989258788 {"projectId":"project-7529789579989258788","projectNumber":"222522972320","displayName":"2048","name":"projects/project-7529789579989258788","resources":{"hostingSite":"project-7529789579989258788"},"state":"ACTIVE","etag":"1_f012f22e-efa3-4367-a86b-e402416b42f0"}
[info] i  Using project project-7529789579989258788 (2048) 
[info] 
=== Hosting Setup
[info] 
[info] Your public directory is the folder (relative to your project directory) that
[info] will contain Hosting assets to be uploaded with firebase deploy. If you
[info] have a build process for your assets, use your build's output directory.
[info] 
[debug] [2023-05-29T22:48:34.721Z] ----------------------------------------------------------------------
[debug] [2023-05-29T22:48:34.723Z] Command:       C:\Program Files\nodejs\node.exe C:\Users\Alex\AppData\Roaming\npm\node_modules\firebase-tools\lib\bin\firebase.js init hosting
[debug] [2023-05-29T22:48:34.724Z] CLI Version:   12.2.1
[debug] [2023-05-29T22:48:34.724Z] Platform:      win32
[debug] [2023-05-29T22:48:34.724Z] Node Version:  v18.16.0
[debug] [2023-05-29T22:48:34.726Z] Time:          Mon May 29 2023 18:48:34 GMT-0400 (Chile Standard Time)
[debug] [2023-05-29T22:48:34.727Z] ----------------------------------------------------------------------
[debug] 
[debug] [2023-05-29T22:48:34.736Z] > command requires scopes: ["email","openid","https://www.googleapis.com/auth/cloudplatformprojects.readonly","https://www.googleapis.com/auth/firebase","https://www.googleapis.com/auth/cloud-platform"]
[debug] [2023-05-29T22:48:34.736Z] > authorizing via signed-in user (alexfilsecker@gmail.com)
[info] 
     ######## #### ########  ######## ########     ###     ######  ########
     ##        ##  ##     ## ##       ##     ##  ##   ##  ##       ##
     ######    ##  ########  ######   ########  #########  ######  ######
     ##        ##  ##    ##  ##       ##     ## ##     ##       ## ##
     ##       #### ##     ## ######## ########  ##     ##  ######  ########

You're about to initialize a Firebase project in this directory:

  C:\dev\ReactProyects\2048

Before we get started, keep in mind:

  * You are currently outside your home directory

[info] 
=== Project Setup
[info] 
[info] First, let's associate this project directory with a Firebase project.
[info] You can create multiple project aliases by running firebase use --add, 
[info] but for now we'll just set up a default project.
[info] 
[debug] [2023-05-29T22:48:40.727Z] > refreshing access token with scopes: []
[debug] [2023-05-29T22:48:40.731Z] >>> [apiv2][query] POST https://www.googleapis.com/oauth2/v3/token [none]
[debug] [2023-05-29T22:48:40.731Z] >>> [apiv2][body] POST https://www.googleapis.com/oauth2/v3/token [omitted]
[debug] [2023-05-29T22:48:40.916Z] <<< [apiv2][status] POST https://www.googleapis.com/oauth2/v3/token 200
[debug] [2023-05-29T22:48:40.917Z] <<< [apiv2][body] POST https://www.googleapis.com/oauth2/v3/token [omitted]
[debug] [2023-05-29T22:48:40.928Z] >>> [apiv2][query] GET https://firebase.googleapis.com/v1beta1/projects pageSize=100
[debug] [2023-05-29T22:48:41.504Z] <<< [apiv2][status] GET https://firebase.googleapis.com/v1beta1/projects 200
[debug] [2023-05-29T22:48:41.504Z] <<< [apiv2][body] GET https://firebase.googleapis.com/v1beta1/projects [omitted]
[info] i  Using project a-2048 (2048) 
[info] 
=== Hosting Setup
[info] 
[info] Your public directory is the folder (relative to your project directory) that
[info] will contain Hosting assets to be uploaded with firebase deploy. If you
[info] have a build process for your assets, use your build's output directory.
[info] 
[debug] [2023-05-29T22:48:57.460Z] >>> [apiv2][query] GET https://www.gstatic.com/firebasejs/releases.json [none]
[debug] [2023-05-29T22:48:57.533Z] <<< [apiv2][status] GET https://www.gstatic.com/firebasejs/releases.json 200
[debug] [2023-05-29T22:48:57.534Z] <<< [apiv2][body] GET https://www.gstatic.com/firebasejs/releases.json {"current":{"version":"9.22.1","browserURL":"https://www.gstatic.com/firebasejs/9.22.1/firebase.js","packageURL":"https://www.gstatic.com/firebasejs/9.22.1/firebase.tgz"},"live":{"version":"9.22","browserURL":"https://www.gstatic.com/firebasejs/live/9.22/firebase.js","packageURL":"https://www.gstatic.com/firebasejs/live/9.22/firebase.tgz"},"components":{"analytics":"https://www.gstatic.com/firebasejs/9.22.1/firebase-analytics.js","app":"https://www.gstatic.com/firebasejs/9.22.1/firebase-app.js","app-check":"https://www.gstatic.com/firebasejs/9.22.1/firebase-app-check.js","auth":"https://www.gstatic.com/firebasejs/9.22.1/firebase-auth.js","auth/cordova":"https://www.gstatic.com/firebasejs/9.22.1/firebase-auth/cordova.js","auth/react-native":"https://www.gstatic.com/firebasejs/9.22.1/firebase-auth/react-native.js","functions":"https://www.gstatic.com/firebasejs/9.22.1/firebase-functions.js","firestore":"https://www.gstatic.com/firebasejs/9.22.1/firebase-firestore.js","firestore/lite":"https://www.gstatic.com/firebasejs/9.22.1/firebase-firestore/lite.js","installations":"https://www.gstatic.com/firebasejs/9.22.1/firebase-installations.js","storage":"https://www.gstatic.com/firebasejs/9.22.1/firebase-storage.js","performance":"https://www.gstatic.com/firebasejs/9.22.1/firebase-performance.js","remote-config":"https://www.gstatic.com/firebasejs/9.22.1/firebase-remote-config.js","messaging":"https://www.gstatic.com/firebasejs/9.22.1/firebase-messaging.js","messaging/sw":"https://www.gstatic.com/firebasejs/9.22.1/firebase-messaging/sw.js","database":"https://www.gstatic.com/firebasejs/9.22.1/firebase-database.js","firestore.memory":"https://www.gstatic.com/firebasejs/9.22.1/firebase-firestore.memory.js"}}
[info] +  Wrote build/index.html 
[info] 
[info] i  Detected a .git folder at C:\dev\ReactProyects\2048 
[info] i  Authorizing with GitHub to upload your service account to a GitHub repository's secrets store. 
[info] 
[info] Visit this URL on this device to log in:
[info] https://github.com/login/oauth/authorize?client_id=89cf50f02ac6aaed3484&state=620517847&redirect_uri=http%3A%2F%2Flocalhost%3A9005&scope=read%3Auser%20repo%20public_repo
[info] 
[info] Waiting for authentication...
[debug] [2023-05-29T22:49:14.117Z] >>> [apiv2][query] POST https://github.com/login/oauth/access_token [none]
[debug] [2023-05-29T22:49:14.118Z] >>> [apiv2][body] POST https://github.com/login/oauth/access_token [stream]
[debug] [2023-05-29T22:49:14.573Z] <<< [apiv2][status] POST https://github.com/login/oauth/access_token 200
[debug] [2023-05-29T22:49:14.573Z] <<< [apiv2][body] POST https://github.com/login/oauth/access_token {"access_token":"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","token_type":"bearer","scope":"read:user,repo"}
[debug] [2023-05-29T22:49:14.591Z] >>> [apiv2][query] GET https://api.github.com/user [none]
[debug] [2023-05-29T22:49:15.046Z] <<< [apiv2][status] GET https://api.github.com/user 200
[debug] [2023-05-29T22:49:15.047Z] <<< [apiv2][body] GET https://api.github.com/user {"login":"alexfilsecker","id":110198975,"node_id":"U_kgDOBpGAvw","avatar_url":"https://avatars.githubusercontent.com/u/110198975?v=4","gravatar_id":"","url":"https://api.github.com/users/alexfilsecker","html_url":"https://github.com/alexfilsecker","followers_url":"https://api.github.com/users/alexfilsecker/followers","following_url":"https://api.github.com/users/alexfilsecker/following{/other_user}","gists_url":"https://api.github.com/users/alexfilsecker/gists{/gist_id}","starred_url":"https://api.github.com/users/alexfilsecker/starred{/owner}{/repo}","subscriptions_url":"https://api.github.com/users/alexfilsecker/subscriptions","organizations_url":"https://api.github.com/users/alexfilsecker/orgs","repos_url":"https://api.github.com/users/alexfilsecker/repos","events_url":"https://api.github.com/users/alexfilsecker/events{/privacy}","received_events_url":"https://api.github.com/users/alexfilsecker/received_events","type":"User","site_admin":false,"name":"Alexander Filsecker","company":null,"blog":"","location":"Santiago, Chile","email":null,"hireable":null,"bio":null,"twitter_username":null,"public_repos":2,"public_gists":0,"followers":0,"following":0,"created_at":"2022-07-28T19:54:35Z","updated_at":"2023-05-21T17:24:39Z","private_gists":0,"total_private_repos":2,"owned_private_repos":2,"disk_usage":161035,"collaborators":0,"two_factor_authentication":false,"plan":{"name":"free","space":976562499,"collaborators":0,"private_repos":10000}}
[info] 
[info] +  Success! Logged into GitHub as alexfilsecker 
[info] 
[debug] [2023-05-29T22:49:30.400Z] ----------------------------------------------------------------------
[debug] [2023-05-29T22:49:30.403Z] Command:       C:\Program Files\nodejs\node.exe C:\Users\Alex\AppData\Roaming\npm\node_modules\firebase-tools\lib\bin\firebase.js init hosting
[debug] [2023-05-29T22:49:30.403Z] CLI Version:   12.2.1
[debug] [2023-05-29T22:49:30.404Z] Platform:      win32
[debug] [2023-05-29T22:49:30.404Z] Node Version:  v18.16.0
[debug] [2023-05-29T22:49:30.405Z] Time:          Mon May 29 2023 18:49:30 GMT-0400 (Chile Standard Time)
[debug] [2023-05-29T22:49:30.405Z] ----------------------------------------------------------------------
[debug] 
[debug] [2023-05-29T22:49:30.414Z] > command requires scopes: ["email","openid","https://www.googleapis.com/auth/cloudplatformprojects.readonly","https://www.googleapis.com/auth/firebase","https://www.googleapis.com/auth/cloud-platform"]
[debug] [2023-05-29T22:49:30.414Z] > authorizing via signed-in user (alexfilsecker@gmail.com)
[info] 
     ######## #### ########  ######## ########     ###     ######  ########
     ##        ##  ##     ## ##       ##     ##  ##   ##  ##       ##
     ######    ##  ########  ######   ########  #########  ######  ######
     ##        ##  ##    ##  ##       ##     ## ##     ##       ## ##
     ##       #### ##     ## ######## ########  ##     ##  ######  ########

You're about to initialize a Firebase project in this directory:

  C:\dev\ReactProyects\2048

Before we get started, keep in mind:

  * You are currently outside your home directory

[info] 
=== Project Setup
[info] 
[info] First, let's associate this project directory with a Firebase project.
[info] You can create multiple project aliases by running firebase use --add, 
[info] but for now we'll just set up a default project.
[info] 
